<?xml version="1.0" encoding="UTF-8"?>
<!-- Generated by org.testng.reporters.JUnitReportReporter -->
<testsuite hostname="DESKTOP-8I2J0MM" failures="0" tests="1" name="com.Restassured.TC001_GET_Request" time="20.634" errors="0" timestamp="2020-12-17T00:05:19 IST" skipped="0">
  <testcase classname="com.Restassured.TC001_GET_Request" name="getrequest" time="20.634"/>
  <system-out/>
</testsuite> <!-- com.Restassured.TC001_GET_Request -->
