<?xml version="1.0" encoding="UTF-8"?>
<!-- Generated by org.testng.reporters.JUnitReportReporter -->
<testsuite hostname="DESKTOP-8I2J0MM" failures="0" tests="1" name="com.Restassured.TC002_GET_Request" time="9.037" errors="0" timestamp="2020-12-17T00:31:38 IST" skipped="0">
  <testcase classname="com.Restassured.TC002_GET_Request" name="postrequest" time="9.037"/>
  <system-out/>
</testsuite> <!-- com.Restassured.TC002_GET_Request -->
