<?xml version="1.0" encoding="UTF-8"?>
<!-- Generated by org.testng.reporters.JUnitReportReporter -->
<testsuite hostname="DESKTOP-8I2J0MM" failures="0" tests="1" name="com.Restassured.TC003_GET_Request" time="6.497" errors="0" timestamp="2020-12-17T12:40:48 IST" skipped="0">
  <testcase classname="com.Restassured.TC003_GET_Request" name="getrequest" time="6.497"/>
  <system-out/>
</testsuite> <!-- com.Restassured.TC003_GET_Request -->
